# JRE version: Java(TM) SE Runtime Environment (21.0.2+13) (build 21.0.2+13-LTS-58)
# Java VM: Java HotSpot(TM) 64-Bit Server VM (21.0.2+13-LTS-58, mixed mode, sharing, tiered, compressed oops, compressed class ptrs, g1 gc, windows-amd64)
GC Precious Log:
 CardTable entry size: 512
 Card Set container configuration: InlinePtr #cards 4 size 8 Array Of Cards #cards 16 size 48 Howl #buckets 8 coarsen threshold 3686 Howl Bitmap #cards 512 size 80 coarsen threshold 460 Card regions per heap region 1 cards per card region 4096
 CPUs: 6 total, 6 available
 Memory: 16326M
 Large Page Support: Disabled
 NUMA Support: Disabled
 Compressed Oops: Enabled (Zero based)
 Heap Region Size: 2M
 Heap Min Capacity: 8M
 Heap Initial Capacity: 256M
 Heap Max Capacity: 4082M
 Pre-touch: Disabled
 Parallel Workers: 6
 Concurrent Workers: 2
 Concurrent Refinement Workers: 6
 Periodic GC: Disabled
Heap:
 garbage-first heap   total 69632K, used 46629K [0x0000000700e00000, 0x0000000800000000)
  region size 2048K, 5 young (10240K), 1 survivors (2048K)
 Metaspace       used 89307K, committed 90112K, reserved 1179648K
  class space    used 11682K, committed 12032K, reserved 1048576K
GC Heap History (20 events):
Event: 4.133 GC heap before
{Heap before GC invocations=9 (full 0):
 garbage-first heap   total 69632K, used 54761K [0x0000000700e00000, 0x0000000800000000)
  region size 2048K, 19 young (38912K), 3 survivors (6144K)
 Metaspace       used 43171K, committed 43712K, reserved 1114112K
  class space    used 5410K, committed 5632K, reserved 1048576K
}
Event: 4.139 GC heap after
{Heap after GC invocations=10 (full 0):
 garbage-first heap   total 69632K, used 24942K [0x0000000700e00000, 0x0000000800000000)
  region size 2048K, 3 young (6144K), 3 survivors (6144K)
 Metaspace       used 43171K, committed 43712K, reserved 1114112K
  class space    used 5410K, committed 5632K, reserved 1048576K
}
Event: 4.614 GC heap before
{Heap before GC invocations=10 (full 0):
 garbage-first heap   total 69632K, used 53614K [0x0000000700e00000, 0x0000000800000000)
  region size 2048K, 18 young (36864K), 3 survivors (6144K)
 Metaspace       used 49514K, committed 50176K, reserved 1114112K
  class space    used 6114K, committed 6400K, reserved 1048576K
}
Event: 4.618 GC heap after
{Heap after GC invocations=11 (full 0):
 garbage-first heap   total 69632K, used 27408K [0x0000000700e00000, 0x0000000800000000)
  region size 2048K, 3 young (6144K), 3 survivors (6144K)
 Metaspace       used 49514K, committed 50176K, reserved 1114112K
  class space    used 6114K, committed 6400K, reserved 1048576K
}
Event: 4.982 GC heap before
{Heap before GC invocations=11 (full 0):
 garbage-first heap   total 69632K, used 54032K [0x0000000700e00000, 0x0000000800000000)
  region size 2048K, 17 young (34816K), 3 survivors (6144K)
 Metaspace       used 53101K, committed 53760K, reserved 1114112K
  class space    used 6438K, committed 6720K, reserved 1048576K
}
Event: 4.985 GC heap after
{Heap after GC invocations=12 (full 0):
 garbage-first heap   total 69632K, used 29741K [0x0000000700e00000, 0x0000000800000000)
  region size 2048K, 3 young (6144K), 3 survivors (6144K)
 Metaspace       used 53101K, committed 53760K, reserved 1114112K
  class space    used 6438K, committed 6720K, reserved 1048576K
}
Event: 6.017 GC heap before
{Heap before GC invocations=12 (full 0):
 garbage-first heap   total 69632K, used 46125K [0x0000000700e00000, 0x0000000800000000)
  region size 2048K, 12 young (24576K), 3 survivors (6144K)
 Metaspace       used 59494K, committed 60160K, reserved 1114112K
  class space    used 7232K, committed 7552K, reserved 1048576K
}
Event: 6.021 GC heap after
{Heap after GC invocations=13 (full 0):
 garbage-first heap   total 69632K, used 31789K [0x0000000700e00000, 0x0000000800000000)
  region size 2048K, 1 young (2048K), 1 survivors (2048K)
 Metaspace       used 59494K, committed 60160K, reserved 1114112K
  class space    used 7232K, committed 7552K, reserved 1048576K
}
Event: 6.475 GC heap before
{Heap before GC invocations=14 (full 0):
 garbage-first heap   total 69632K, used 58413K [0x0000000700e00000, 0x0000000800000000)
  region size 2048K, 14 young (28672K), 1 survivors (2048K)
 Metaspace       used 66894K, committed 67648K, reserved 1114112K
  class space    used 8409K, committed 8768K, reserved 1048576K
}
Event: 6.478 GC heap after
{Heap after GC invocations=15 (full 0):
 garbage-first heap   total 69632K, used 32724K [0x0000000700e00000, 0x0000000800000000)
  region size 2048K, 2 young (4096K), 2 survivors (4096K)
 Metaspace       used 66894K, committed 67648K, reserved 1114112K
  class space    used 8409K, committed 8768K, reserved 1048576K
}
Event: 6.912 GC heap before
{Heap before GC invocations=15 (full 0):
 garbage-first heap   total 69632K, used 55252K [0x0000000700e00000, 0x0000000800000000)
  region size 2048K, 14 young (28672K), 2 survivors (4096K)
 Metaspace       used 74373K, committed 75072K, reserved 1114112K
  class space    used 9440K, committed 9792K, reserved 1048576K
}
Event: 6.916 GC heap after
{Heap after GC invocations=16 (full 0):
 garbage-first heap   total 69632K, used 34036K [0x0000000700e00000, 0x0000000800000000)
  region size 2048K, 2 young (4096K), 2 survivors (4096K)
 Metaspace       used 74373K, committed 75072K, reserved 1114112K
  class space    used 9440K, committed 9792K, reserved 1048576K
}
Event: 7.283 GC heap before
{Heap before GC invocations=16 (full 0):
 garbage-first heap   total 69632K, used 56564K [0x0000000700e00000, 0x0000000800000000)
  region size 2048K, 13 young (26624K), 2 survivors (4096K)
 Metaspace       used 79794K, committed 80512K, reserved 1179648K
  class space    used 10319K, committed 10624K, reserved 1048576K
}
Event: 7.286 GC heap after
{Heap after GC invocations=17 (full 0):
 garbage-first heap   total 69632K, used 34660K [0x0000000700e00000, 0x0000000800000000)
  region size 2048K, 2 young (4096K), 2 survivors (4096K)
 Metaspace       used 79794K, committed 80512K, reserved 1179648K
  class space    used 10319K, committed 10624K, reserved 1048576K
}
Event: 7.666 GC heap before
{Heap before GC invocations=18 (full 0):
 garbage-first heap   total 69632K, used 57188K [0x0000000700e00000, 0x0000000800000000)
  region size 2048K, 13 young (26624K), 2 survivors (4096K)
 Metaspace       used 83820K, committed 84608K, reserved 1179648K
  class space    used 10907K, committed 11264K, reserved 1048576K
}
Event: 7.670 GC heap after
{Heap after GC invocations=19 (full 0):
 garbage-first heap   total 69632K, used 37075K [0x0000000700e00000, 0x0000000800000000)
  region size 2048K, 2 young (4096K), 2 survivors (4096K)
 Metaspace       used 83820K, committed 84608K, reserved 1179648K
  class space    used 10907K, committed 11264K, reserved 1048576K
}
Event: 7.986 GC heap before
{Heap before GC invocations=19 (full 0):
 garbage-first heap   total 69632K, used 57555K [0x0000000700e00000, 0x0000000800000000)
  region size 2048K, 12 young (24576K), 2 survivors (4096K)
 Metaspace       used 86877K, committed 87680K, reserved 1179648K
  class space    used 11328K, committed 11712K, reserved 1048576K
}
Event: 7.990 GC heap after
{Heap after GC invocations=20 (full 0):
 garbage-first heap   total 69632K, used 39058K [0x0000000700e00000, 0x0000000800000000)
  region size 2048K, 2 young (4096K), 2 survivors (4096K)
 Metaspace       used 86877K, committed 87680K, reserved 1179648K
  class space    used 11328K, committed 11712K, reserved 1048576K
}
Event: 8.483 GC heap before
{Heap before GC invocations=20 (full 0):
 garbage-first heap   total 69632K, used 57490K [0x0000000700e00000, 0x0000000800000000)
  region size 2048K, 11 young (22528K), 2 survivors (4096K)
 Metaspace       used 88338K, committed 89088K, reserved 1179648K
  class space    used 11543K, committed 11904K, reserved 1048576K
}
Event: 8.486 GC heap after
{Heap after GC invocations=21 (full 0):
 garbage-first heap   total 69632K, used 40485K [0x0000000700e00000, 0x0000000800000000)
  region size 2048K, 1 young (2048K), 1 survivors (2048K)
 Metaspace       used 88338K, committed 89088K, reserved 1179648K
  class space    used 11543K, committed 11904K, reserved 1048576K
}

